# JRE version: Java(TM) SE Runtime Environment (8.0_77-b03) (build 1.8.0_77-b03)
# Java VM: Java HotSpot(TM) 64-Bit Server VM (25.77-b03 mixed mode bsd-amd64 compressed oops)
Heap:
 PSYoungGen      total 333312K, used 96993K [0x00000007aab00000, 0x00000007c0000000, 0x00000007c0000000)
  eden space 317440K, 30% used [0x00000007aab00000,0x00000007b09b87b0,0x00000007be100000)
  from space 15872K, 0% used [0x00000007be100000,0x00000007be100000,0x00000007bf080000)
  to   space 15872K, 0% used [0x00000007bf080000,0x00000007bf080000,0x00000007c0000000)
 ParOldGen       total 84480K, used 27605K [0x0000000780000000, 0x0000000785280000, 0x00000007aab00000)
  object space 84480K, 32% used [0x0000000780000000,0x0000000781af5528,0x0000000785280000)
 Metaspace       used 41054K, capacity 44324K, committed 44416K, reserved 1087488K
  class space    used 5284K, capacity 6475K, committed 6528K, reserved 1048576K
GC Heap History (10 events):
Event: 18012.280 GC heap before
{Heap before GC invocations=42 (full 19):
 PSYoungGen      total 335360K, used 2960K [0x00000007aab00000, 0x00000007c0000000, 0x00000007c0000000)
  eden space 321536K, 0% used [0x00000007aab00000,0x00000007aab00000,0x00000007be500000)
  from space 13824K, 21% used [0x00000007be500000,0x00000007be7e4010,0x00000007bf280000)
  to   space 13312K, 0% used [0x00000007bf300000,0x00000007bf300000,0x00000007c0000000)
 ParOldGen       total 84480K, used 18037K [0x0000000780000000, 0x0000000785280000, 0x00000007aab00000)
  object space 84480K, 21% used [0x0000000780000000,0x000000078119d698,0x0000000785280000)
 Metaspace       used 37233K, capacity 39564K, committed 39808K, reserved 1083392K
  class space    used 4811K, capacity 5647K, committed 5760K, reserved 1048576K
Event: 18012.346 GC heap after
Heap after GC invocations=42 (full 19):
 PSYoungGen      total 335360K, used 0K [0x00000007aab00000, 0x00000007c0000000, 0x00000007c0000000)
  eden space 321536K, 0% used [0x00000007aab00000,0x00000007aab00000,0x00000007be500000)
  from space 13824K, 0% used [0x00000007be500000,0x00000007be500000,0x00000007bf280000)
  to   space 13312K, 0% used [0x00000007bf300000,0x00000007bf300000,0x00000007c0000000)
 ParOldGen       total 84480K, used 11524K [0x0000000780000000, 0x0000000785280000, 0x00000007aab00000)
  object space 84480K, 13% used [0x0000000780000000,0x0000000780b41258,0x0000000785280000)
 Metaspace       used 36046K, capacity 36744K, committed 39808K, reserved 1083392K
  class space    used 4578K, capacity 4770K, committed 5760K, reserved 1048576K
}
Event: 18349.506 GC heap before
{Heap before GC invocations=43 (full 19):
 PSYoungGen      total 335360K, used 311809K [0x00000007aab00000, 0x00000007c0000000, 0x00000007c0000000)
  eden space 321536K, 96% used [0x00000007aab00000,0x00000007bdb80408,0x00000007be500000)
  from space 13824K, 0% used [0x00000007be500000,0x00000007be500000,0x00000007bf280000)
  to   space 13312K, 0% used [0x00000007bf300000,0x00000007bf300000,0x00000007c0000000)
 ParOldGen       total 84480K, used 11524K [0x0000000780000000, 0x0000000785280000, 0x00000007aab00000)
  object space 84480K, 13% used [0x0000000780000000,0x0000000780b41258,0x0000000785280000)
 Metaspace       used 39177K, capacity 41248K, committed 41728K, reserved 1085440K
  class space    used 5026K, capacity 5710K, committed 5888K, reserved 1048576K
Event: 18349.524 GC heap after
Heap after GC invocations=43 (full 19):
 PSYoungGen      total 330752K, used 13309K [0x00000007aab00000, 0x00000007c0000000, 0x00000007c0000000)
  eden space 317440K, 0% used [0x00000007aab00000,0x00000007aab00000,0x00000007be100000)
  from space 13312K, 99% used [0x00000007bf300000,0x00000007bffff5e0,0x00000007c0000000)
  to   space 15872K, 0% used [0x00000007be100000,0x00000007be100000,0x00000007bf080000)
 ParOldGen       total 84480K, used 13060K [0x0000000780000000, 0x0000000785280000, 0x00000007aab00000)
  object space 84480K, 15% used [0x0000000780000000,0x0000000780cc1250,0x0000000785280000)
 Metaspace       used 39177K, capacity 41248K, committed 41728K, reserved 1085440K
  class space    used 5026K, capacity 5710K, committed 5888K, reserved 1048576K
}
Event: 18349.524 GC heap before
{Heap before GC invocations=44 (full 20):
 PSYoungGen      total 330752K, used 13309K [0x00000007aab00000, 0x00000007c0000000, 0x00000007c0000000)
  eden space 317440K, 0% used [0x00000007aab00000,0x00000007aab00000,0x00000007be100000)
  from space 13312K, 99% used [0x00000007bf300000,0x00000007bffff5e0,0x00000007c0000000)
  to   space 15872K, 0% used [0x00000007be100000,0x00000007be100000,0x00000007bf080000)
 ParOldGen       total 84480K, used 13060K [0x0000000780000000, 0x0000000785280000, 0x00000007aab00000)
  object space 84480K, 15% used [0x0000000780000000,0x0000000780cc1250,0x0000000785280000)
 Metaspace       used 39177K, capacity 41248K, committed 41728K, reserved 1085440K
  class space    used 5026K, capacity 5710K, committed 5888K, reserved 1048576K
Event: 18349.723 GC heap after
Heap after GC invocations=44 (full 20):
 PSYoungGen      total 330752K, used 0K [0x00000007aab00000, 0x00000007c0000000, 0x00000007c0000000)
  eden space 317440K, 0% used [0x00000007aab00000,0x00000007aab00000,0x00000007be100000)
  from space 13312K, 0% used [0x00000007bf300000,0x00000007bf300000,0x00000007c0000000)
  to   space 15872K, 0% used [0x00000007be100000,0x00000007be100000,0x00000007bf080000)
 ParOldGen       total 84480K, used 22474K [0x0000000780000000, 0x0000000785280000, 0x00000007aab00000)
  object space 84480K, 26% used [0x0000000780000000,0x00000007815f29b0,0x0000000785280000)
 Metaspace       used 39007K, capacity 40656K, committed 41728K, reserved 1085440K
  class space    used 4984K, capacity 5531K, committed 5888K, reserved 1048576K
}
Event: 18557.926 GC heap before
{Heap before GC invocations=45 (full 20):
 PSYoungGen      total 330752K, used 194747K [0x00000007aab00000, 0x00000007c0000000, 0x00000007c0000000)
  eden space 317440K, 61% used [0x00000007aab00000,0x00000007b692ec80,0x00000007be100000)
  from space 13312K, 0% used [0x00000007bf300000,0x00000007bf300000,0x00000007c0000000)
  to   space 15872K, 0% used [0x00000007be100000,0x00000007be100000,0x00000007bf080000)
 ParOldGen       total 84480K, used 22474K [0x0000000780000000, 0x0000000785280000, 0x00000007aab00000)
  object space 84480K, 26% used [0x0000000780000000,0x00000007815f29b0,0x0000000785280000)
 Metaspace       used 40395K, capacity 43140K, committed 43392K, reserved 1087488K
  class space    used 5187K, capacity 6165K, committed 6272K, reserved 1048576K
Event: 18557.947 GC heap after
Heap after GC invocations=45 (full 20):
 PSYoungGen      total 333312K, used 8703K [0x00000007aab00000, 0x00000007c0000000, 0x00000007c0000000)
  eden space 317440K, 0% used [0x00000007aab00000,0x00000007aab00000,0x00000007be100000)
  from space 15872K, 54% used [0x00000007be100000,0x00000007be97fed0,0x00000007bf080000)
  to   space 15872K, 0% used [0x00000007bf080000,0x00000007bf080000,0x00000007c0000000)
 ParOldGen       total 84480K, used 22482K [0x0000000780000000, 0x0000000785280000, 0x00000007aab00000)
  object space 84480K, 26% used [0x0000000780000000,0x00000007815f49b0,0x0000000785280000)
 Metaspace       used 40395K, capacity 43140K, committed 43392K, reserved 1087488K
  class space    used 5187K, capacity 6165K, committed 6272K, reserved 1048576K
}
Event: 18557.947 GC heap before
{Heap before GC invocations=46 (full 21):
 PSYoungGen      total 333312K, used 8703K [0x00000007aab00000, 0x00000007c0000000, 0x00000007c0000000)
  eden space 317440K, 0% used [0x00000007aab00000,0x00000007aab00000,0x00000007be100000)
  from space 15872K, 54% used [0x00000007be100000,0x00000007be97fed0,0x00000007bf080000)
  to   space 15872K, 0% used [0x00000007bf080000,0x00000007bf080000,0x00000007c0000000)
 ParOldGen       total 84480K, used 22482K [0x0000000780000000, 0x0000000785280000, 0x00000007aab00000)
  object space 84480K, 26% used [0x0000000780000000,0x00000007815f49b0,0x0000000785280000)
 Metaspace       used 40395K, capacity 43140K, committed 43392K, reserved 1087488K
  class space    used 5187K, capacity 6165K, committed 6272K, reserved 1048576K
Event: 18558.115 GC heap after
Heap after GC invocations=46 (full 21):
 PSYoungGen      total 333312K, used 0K [0x00000007aab00000, 0x00000007c0000000, 0x00000007c0000000)
  eden space 317440K, 0% used [0x00000007aab00000,0x00000007aab00000,0x00000007be100000)
  from space 15872K, 0% used [0x00000007be100000,0x00000007be100000,0x00000007bf080000)
  to   space 15872K, 0% used [0x00000007bf080000,0x00000007bf080000,0x00000007c0000000)
 ParOldGen       total 84480K, used 27605K [0x0000000780000000, 0x0000000785280000, 0x00000007aab00000)
  object space 84480K, 32% used [0x0000000780000000,0x0000000781af5528,0x0000000785280000)
 Metaspace       used 40395K, capacity 43140K, committed 43392K, reserved 1087488K
  class space    used 5187K, capacity 6165K, committed 6272K, reserved 1048576K
}

